[[[自动注册扩展缓存完成]]]
[2019/09/24 18:42:30.8960]
[线程：1]
注册总用时：1038.5745ms
自动扫描程序集：134个
扩展缓存：

[[[自动注册扩展缓存完成]]]
[2019/09/24 18:48:33.1011]
[线程：1]
注册总用时：702.3985ms
自动扫描程序集：134个
扩展缓存：

[[[自动注册扩展缓存完成]]]
[2019/09/24 20:26:43.2208]
[线程：1]
注册总用时：398.9818ms
自动扫描程序集：134个
扩展缓存：

[[[系统日志]]]
[2019/09/24 20:26:43.5482]
[线程：1]
系统启动

[[[自动注册扩展缓存完成]]]
[2019/09/24 20:30:37.2187]
[线程：1]
注册总用时：282.8823ms
自动扫描程序集：134个
扩展缓存：

[[[系统日志]]]
[2019/09/24 20:30:37.4910]
[线程：1]
系统启动

[[[自动注册扩展缓存完成]]]
[2019/09/24 20:31:51.8035]
[线程：1]
注册总用时：279.3127ms
自动扫描程序集：134个
扩展缓存：

[[[系统日志]]]
[2019/09/24 20:31:52.0022]
[线程：1]
系统启动

[[[系统日志]]]
[2019/09/24 20:32:34.6048]
[线程：1]
系统启动

[[[自动注册扩展缓存完成]]]
[2019/09/24 20:32:34.4226]
[线程：1]
注册总用时：228.5481ms
自动扫描程序集：134个
扩展缓存：

[[[自动注册扩展缓存完成]]]
[2019/09/24 20:33:42.2064]
[线程：1]
注册总用时：276.2242ms
自动扫描程序集：134个
扩展缓存：

[[[系统日志]]]
[2019/09/24 20:33:42.4003]
[线程：1]
系统启动

[[[Post 文件信息]]]
[2019/09/24 20:34:40.9473]
[线程：38]
使用文件物理地址放入 fileDictionary 中，保留原文件名。

[[[Post 文件信息]]]
[2019/09/24 20:34:45.2473]
[线程：39]
使用文件流放入 fileDictionary 中，并将修改文件名。

[[[日志记录测试]]]
[2019/09/24 20:34:48.5233]
[线程：37]
加入到队列，通过 /Home/LogTest 访问，2019/9/24 20:34:48 +08:00

[[[自动注册扩展缓存完成]]]
[2019/09/24 20:36:20.2865]
[线程：1]
注册总用时：549.7991000000001ms
自动扫描程序集：134个
扩展缓存：

[[[系统日志]]]
[2019/09/24 20:36:20.6923]
[线程：1]
系统启动

